MealerApp/app/build/intermediates/manifest_merge_blame_file/debug/manifest-merger-blame-debug-report.txt
1<?xml version="1.0" encoding="utf-8"?>
2<manifest xmlns:android="http://schemas.android.com/apk/res/android"
3    package="com.example.mealerapp"
4    android:versionCode="1"
5    android:versionName="1.0" >
6
7    <uses-sdk
8        android:minSdkVersion="22"
8-->src/main/AndroidManifest.xml
9        android:targetSdkVersion="32" />
9-->src/main/AndroidManifest.xml
10
11    <uses-permission android:name="android.permission.INTERNET" />
11-->src/main/AndroidManifest.xml:5:5-67
11-->src/main/AndroidManifest.xml:5:22-64
12    <uses-permission android:name="android.permission.ACCESS_NETWORK_STATE" />
12-->src/main/AndroidManifest.xml:6:5-79
12-->src/main/AndroidManifest.xml:6:22-76
13    <uses-permission android:name="android.permission.INTERNET" />
13-->src/main/AndroidManifest.xml:5:5-67
13-->src/main/AndroidManifest.xml:5:22-64
14    <uses-permission android:name="android.permission.INTERNET" />
14-->src/main/AndroidManifest.xml:5:5-67
14-->src/main/AndroidManifest.xml:5:22-64
15
16    <application
16-->src/main/AndroidManifest.xml:10:5-129:19
17        android:allowBackup="true"
17-->src/main/AndroidManifest.xml:11:9-35
18        android:appComponentFactory="androidx.core.app.CoreComponentFactory"
18-->[androidx.core:core:1.8.0] AndroidManifest.xml:24:18-86
19        android:dataExtractionRules="@xml/data_extraction_rules"
19-->src/main/AndroidManifest.xml:12:9-65
20        android:debuggable="true"
21        android:fullBackupContent="@xml/backup_rules"
21-->src/main/AndroidManifest.xml:13:9-54
22        android:icon="@mipmap/ic_launcher"
22-->src/main/AndroidManifest.xml:14:9-43
23        android:label="@string/app_name"
23-->src/main/AndroidManifest.xml:15:9-41
24        android:roundIcon="@mipmap/ic_launcher_round"
24-->src/main/AndroidManifest.xml:16:9-54
25        android:supportsRtl="true"
25-->src/main/AndroidManifest.xml:17:9-35
26        android:theme="@style/Theme.AppCompat.Light.NoActionBar" >
26-->src/main/AndroidManifest.xml:18:9-65
27        <activity
27-->src/main/AndroidManifest.xml:20:9-26:20
28            android:name="com.example.mealerapp.pages.orderViewClient"
28-->src/main/AndroidManifest.xml:21:13-50
29            android:exported="false" >
29-->src/main/AndroidManifest.xml:22:13-37
30            <meta-data
30-->src/main/AndroidManifest.xml:23:13-25:36
31                android:name="android.app.lib_name"
31-->src/main/AndroidManifest.xml:24:17-52
32                android:value="" />
32-->src/main/AndroidManifest.xml:25:17-33
33        </activity>
34        <activity
34-->src/main/AndroidManifest.xml:27:9-33:20
35            android:name="com.example.mealerapp.pages.ViewOrders"
35-->src/main/AndroidManifest.xml:28:13-45
36            android:exported="false" >
36-->src/main/AndroidManifest.xml:29:13-37
37            <meta-data
37-->src/main/AndroidManifest.xml:23:13-25:36
38                android:name="android.app.lib_name"
38-->src/main/AndroidManifest.xml:24:17-52
39                android:value="" />
39-->src/main/AndroidManifest.xml:25:17-33
40        </activity>
41        <activity
41-->src/main/AndroidManifest.xml:34:9-40:20
42            android:name="com.example.mealerapp.pages.OrderMeal"
42-->src/main/AndroidManifest.xml:35:13-44
43            android:exported="false" >
43-->src/main/AndroidManifest.xml:36:13-37
44            <meta-data
44-->src/main/AndroidManifest.xml:23:13-25:36
45                android:name="android.app.lib_name"
45-->src/main/AndroidManifest.xml:24:17-52
46                android:value="" />
46-->src/main/AndroidManifest.xml:25:17-33
47        </activity>
48        <activity
48-->src/main/AndroidManifest.xml:41:9-47:20
49            android:name="com.example.mealerapp.pages.make_complaint"
49-->src/main/AndroidManifest.xml:42:13-49
50            android:exported="false" >
50-->src/main/AndroidManifest.xml:43:13-37
51            <meta-data
51-->src/main/AndroidManifest.xml:23:13-25:36
52                android:name="android.app.lib_name"
52-->src/main/AndroidManifest.xml:24:17-52
53                android:value="" />
53-->src/main/AndroidManifest.xml:25:17-33
54        </activity>
55        <activity
55-->src/main/AndroidManifest.xml:48:9-54:20
56            android:name="com.example.mealerapp.pages.Add_Meals"
56-->src/main/AndroidManifest.xml:49:13-44
57            android:exported="false" >
57-->src/main/AndroidManifest.xml:50:13-37
58            <meta-data
58-->src/main/AndroidManifest.xml:23:13-25:36
59                android:name="android.app.lib_name"
59-->src/main/AndroidManifest.xml:24:17-52
60                android:value="" />
60-->src/main/AndroidManifest.xml:25:17-33
61        </activity>
62        <activity
62-->src/main/AndroidManifest.xml:55:9-61:20
63            android:name="com.example.mealerapp.pages.View_Meals"
63-->src/main/AndroidManifest.xml:56:13-45
64            android:exported="false" >
64-->src/main/AndroidManifest.xml:57:13-37
65            <meta-data
65-->src/main/AndroidManifest.xml:23:13-25:36
66                android:name="android.app.lib_name"
66-->src/main/AndroidManifest.xml:24:17-52
67                android:value="" />
67-->src/main/AndroidManifest.xml:25:17-33
68        </activity>
69        <activity
69-->src/main/AndroidManifest.xml:62:9-68:20
70            android:name="com.example.mealerapp.pages.ViewComplaints"
70-->src/main/AndroidManifest.xml:63:13-49
71            android:exported="false" >
71-->src/main/AndroidManifest.xml:64:13-37
72            <meta-data
72-->src/main/AndroidManifest.xml:23:13-25:36
73                android:name="android.app.lib_name"
73-->src/main/AndroidManifest.xml:24:17-52
74                android:value="" />
74-->src/main/AndroidManifest.xml:25:17-33
75        </activity>
76        <activity
76-->src/main/AndroidManifest.xml:69:9-75:20
77            android:name="com.example.mealerapp.pages.UpLoadVoidCheque"
77-->src/main/AndroidManifest.xml:70:13-51
78            android:exported="false" >
78-->src/main/AndroidManifest.xml:71:13-37
79            <meta-data
79-->src/main/AndroidManifest.xml:23:13-25:36
80                android:name="android.app.lib_name"
80-->src/main/AndroidManifest.xml:24:17-52
81                android:value="" />
81-->src/main/AndroidManifest.xml:25:17-33
82        </activity>
83
84        <meta-data
84-->src/main/AndroidManifest.xml:23:13-25:36
85            android:name="android.app.lib_name"
85-->src/main/AndroidManifest.xml:24:17-52
86            android:value="" />
86-->src/main/AndroidManifest.xml:25:17-33
87
88        <activity
88-->src/main/AndroidManifest.xml:81:9-87:20
89            android:name="com.example.mealerapp.pages.RegisterCook"
89-->src/main/AndroidManifest.xml:82:13-47
90            android:exported="false" >
90-->src/main/AndroidManifest.xml:83:13-37
91            <meta-data
91-->src/main/AndroidManifest.xml:23:13-25:36
92                android:name="android.app.lib_name"
92-->src/main/AndroidManifest.xml:24:17-52
93                android:value="" />
93-->src/main/AndroidManifest.xml:25:17-33
94        </activity>
95        <activity
95-->src/main/AndroidManifest.xml:88:9-94:20
96            android:name="com.example.mealerapp.pages.CookHome"
96-->src/main/AndroidManifest.xml:89:13-43
97            android:exported="false" >
97-->src/main/AndroidManifest.xml:90:13-37
98            <meta-data
98-->src/main/AndroidManifest.xml:23:13-25:36
99                android:name="android.app.lib_name"
99-->src/main/AndroidManifest.xml:24:17-52
100                android:value="" />
100-->src/main/AndroidManifest.xml:25:17-33
101        </activity>
102        <activity
102-->src/main/AndroidManifest.xml:95:9-101:20
103            android:name="com.example.mealerapp.pages.ClientHome"
103-->src/main/AndroidManifest.xml:96:13-45
104            android:exported="false" >
104-->src/main/AndroidManifest.xml:97:13-37
105            <meta-data
105-->src/main/AndroidManifest.xml:23:13-25:36
106                android:name="android.app.lib_name"
106-->src/main/AndroidManifest.xml:24:17-52
107                android:value="" />
107-->src/main/AndroidManifest.xml:25:17-33
108        </activity>
109        <activity
109-->src/main/AndroidManifest.xml:102:9-108:20
110            android:name="com.example.mealerapp.pages.AdminHome"
110-->src/main/AndroidManifest.xml:103:13-44
111            android:exported="false" >
111-->src/main/AndroidManifest.xml:104:13-37
112            <meta-data
112-->src/main/AndroidManifest.xml:23:13-25:36
113                android:name="android.app.lib_name"
113-->src/main/AndroidManifest.xml:24:17-52
114                android:value="" />
114-->src/main/AndroidManifest.xml:25:17-33
115        </activity>
116        <activity
116-->src/main/AndroidManifest.xml:109:9-115:20
117            android:name="com.example.mealerapp.pages.RegisterClient"
117-->src/main/AndroidManifest.xml:110:13-49
118            android:exported="false" >
118-->src/main/AndroidManifest.xml:111:13-37
119            <meta-data
119-->src/main/AndroidManifest.xml:23:13-25:36
120                android:name="android.app.lib_name"
120-->src/main/AndroidManifest.xml:24:17-52
121                android:value="" />
121-->src/main/AndroidManifest.xml:25:17-33
122        </activity>
123        <activity
123-->src/main/AndroidManifest.xml:116:9-128:20
124            android:name="com.example.mealerapp.pages.MainActivity"
124-->src/main/AndroidManifest.xml:117:13-47
125            android:exported="true" >
125-->src/main/AndroidManifest.xml:118:13-36
126            <intent-filter>
126-->src/main/AndroidManifest.xml:119:13-123:29
127                <action android:name="android.intent.action.MAIN" />
127-->src/main/AndroidManifest.xml:120:17-69
127-->src/main/AndroidManifest.xml:120:25-66
128
129                <category android:name="android.intent.category.LAUNCHER" />
129-->src/main/AndroidManifest.xml:122:17-77
129-->src/main/AndroidManifest.xml:122:27-74
130            </intent-filter>
131
132            <meta-data
132-->src/main/AndroidManifest.xml:23:13-25:36
133                android:name="android.app.lib_name"
133-->src/main/AndroidManifest.xml:24:17-52
134                android:value="" />
134-->src/main/AndroidManifest.xml:25:17-33
135        </activity>
136
137        <service
137-->[com.google.firebase:firebase-database:20.1.0] AndroidManifest.xml:28:9-34:19
138            android:name="com.google.firebase.components.ComponentDiscoveryService"
138-->[com.google.firebase:firebase-database:20.1.0] AndroidManifest.xml:29:13-84
139            android:directBootAware="true"
139-->[com.google.firebase:firebase-common:20.2.0] AndroidManifest.xml:34:13-43
140            android:exported="false" >
140-->[com.google.firebase:firebase-database:20.1.0] AndroidManifest.xml:30:13-37
141            <meta-data
141-->[com.google.firebase:firebase-database:20.1.0] AndroidManifest.xml:31:13-33:85
142                android:name="com.google.firebase.components:com.google.firebase.database.DatabaseRegistrar"
142-->[com.google.firebase:firebase-database:20.1.0] AndroidManifest.xml:32:17-109
143                android:value="com.google.firebase.components.ComponentRegistrar" />
143-->[com.google.firebase:firebase-database:20.1.0] AndroidManifest.xml:33:17-82
144        </service>
145
146        <activity
146-->[com.google.android.gms:play-services-base:18.0.1] AndroidManifest.xml:20:9-22:45
147            android:name="com.google.android.gms.common.api.GoogleApiActivity"
147-->[com.google.android.gms:play-services-base:18.0.1] AndroidManifest.xml:20:19-85
148            android:exported="false"
148-->[com.google.android.gms:play-services-base:18.0.1] AndroidManifest.xml:22:19-43
149            android:theme="@android:style/Theme.Translucent.NoTitleBar" />
149-->[com.google.android.gms:play-services-base:18.0.1] AndroidManifest.xml:21:19-78
150
151        <provider
151-->[com.google.firebase:firebase-common:20.2.0] AndroidManifest.xml:25:9-30:39
152            android:name="com.google.firebase.provider.FirebaseInitProvider"
152-->[com.google.firebase:firebase-common:20.2.0] AndroidManifest.xml:26:13-77
153            android:authorities="com.example.mealerapp.firebaseinitprovider"
153-->[com.google.firebase:firebase-common:20.2.0] AndroidManifest.xml:27:13-72
154            android:directBootAware="true"
154-->[com.google.firebase:firebase-common:20.2.0] AndroidManifest.xml:28:13-43
155            android:exported="false"
155-->[com.google.firebase:firebase-common:20.2.0] AndroidManifest.xml:29:13-37
156            android:initOrder="100" />
156-->[com.google.firebase:firebase-common:20.2.0] AndroidManifest.xml:30:13-36
157
158        <meta-data
158-->[com.google.android.gms:play-services-basement:18.1.0] AndroidManifest.xml:21:9-23:69
159            android:name="com.google.android.gms.version"
159-->[com.google.android.gms:play-services-basement:18.1.0] AndroidManifest.xml:22:13-58
160            android:value="@integer/google_play_services_version" />
160-->[com.google.android.gms:play-services-basement:18.1.0] AndroidManifest.xml:23:13-66
161
162        <provider
162-->[androidx.emoji2:emoji2:1.2.0] AndroidManifest.xml:24:9-32:20
163            android:name="androidx.startup.InitializationProvider"
163-->[androidx.emoji2:emoji2:1.2.0] AndroidManifest.xml:25:13-67
164            android:authorities="com.example.mealerapp.androidx-startup"
164-->[androidx.emoji2:emoji2:1.2.0] AndroidManifest.xml:26:13-68
165            android:exported="false" >
165-->[androidx.emoji2:emoji2:1.2.0] AndroidManifest.xml:27:13-37
166            <meta-data
166-->[androidx.emoji2:emoji2:1.2.0] AndroidManifest.xml:29:13-31:52
167                android:name="androidx.emoji2.text.EmojiCompatInitializer"
167-->[androidx.emoji2:emoji2:1.2.0] AndroidManifest.xml:30:17-75
168                android:value="androidx.startup" />
168-->[androidx.emoji2:emoji2:1.2.0] AndroidManifest.xml:31:17-49
169            <meta-data
169-->[androidx.lifecycle:lifecycle-process:2.4.1] AndroidManifest.xml:31:13-33:52
170                android:name="androidx.lifecycle.ProcessLifecycleInitializer"
170-->[androidx.lifecycle:lifecycle-process:2.4.1] AndroidManifest.xml:32:17-78
171                android:value="androidx.startup" />
171-->[androidx.lifecycle:lifecycle-process:2.4.1] AndroidManifest.xml:33:17-49
172        </provider>
173    </application>
174
175</manifest>